Arguments: 
  C:\Program Files\nodejs\node.exe C:\Program Files (x86)\Yarn\bin\yarn.js install

PATH: 
  C:\Users\Sulaiman.Zameer\Downloads\WINDOWS.X64_193000_db_home\bin;C:\Program Files (x86)\Common Files\Oracle\Java\javapath;C:\Windows\system32;C:\Windows;C:\Windows\System32\Wbem;C:\Windows\System32\WindowsPowerShell\v1.0\;C:\Windows\System32\OpenSSH\;C:\Program Files\Java\jdk1.8.0_181\bin;C:\Program Files\apache-maven-3.8.4\bin;C:\Program Files\Git\cmd;C:\ProgramData\chocolatey\bin;C:\Program Files\nodejs\;C:\Program Files (x86)\Yarn\bin\;C:\Program Files\Docker\Docker\resources\bin;C:\ProgramData\DockerDesktop\version-bin;C:\Program Files\Microsoft SQL Server\150\Tools\Binn\;C:\Program Files\Microsoft SQL Server\Client SDK\ODBC\170\Tools\Binn\;C:\Program Files\dotnet\;C:\Program Files (x86)\Microsoft SQL Server\150\Tools\Binn\;C:\Program Files\Microsoft SQL Server\150\DTS\Binn\;C:\Program Files (x86)\Microsoft SQL Server\150\DTS\Binn\;C:\Program Files\Azure Data Studio\bin;C:\Program Files\MySQL\MySQL Shell 8.0\bin\;C:\Users\Sulaiman.Zameer\AppData\Local\Microsoft\WindowsApps;C:\Program Files\JetBrains\IntelliJ IDEA Community Edition 2022.2.4\bin;C:\Users\Sulaiman.Zameer\AppData\Roaming\npm;C:\Users\Sulaiman.Zameer\AppData\Local\Yarn\bin;C:\Program Files\MySQL\MySQL Server 5.7\bin;C:\Gradle\gradle-7.4.1-bin\gradle-7.4.1\bin;C:\Program Files (x86)\Sophos\Sophos SSL VPN Client\bin;C:\Users\Sulaiman.Zameer\AppData\Local\GitHubDesktop\bin;C:\Users\Sulaiman.Zameer\.dotnet\tools;C:\Users\Sulaiman.Zameer\AppData\Local\Programs\Microsoft VS Code\bin

Yarn version: 
  1.22.15

Node version: 
  17.5.0

Platform: 
  win32 x64

Trace: 
  Error: self-signed certificate in certificate chain
      at TLSSocket.onConnectSecure (node:_tls_wrap:1530:34)
      at TLSSocket.emit (node:events:526:28)
      at TLSSocket._finishInit (node:_tls_wrap:944:8)
      at TLSWrap.ssl.onhandshakedone (node:_tls_wrap:725:12)

npm manifest: 
  {
    "name": "dec-7th---day-3",
    "version": "1.0.0",
    "description": "",
    "main": "index.js",
    "scripts": {},
    "keywords": [],
    "author": "",
    "license": "ISC",
    "devDependencies": {
      "@playwright/test": "^1.28.1",
      "@types/jest": "^26.0.20",
      "jest": "^26.6.3",
      "jest-playwright-preset": "^1.4.5",
      "playwright":"^1.8.0",
      "typescript":"^4.1.3",
      "ts-jest":"^26.5.0"
    }
  }

yarn manifest: 
  No manifest

Lockfile: 
  No lockfile
